
*** Running vivado
    with args -log RAT_wrapper.vds -m64 -product Vivado -mode batch -messageDb vivado.pb -notrace -source RAT_wrapper.tcl


****** Vivado v2018.2 (64-bit)
  **** SW Build 2258646 on Thu Jun 14 20:03:12 MDT 2018
  **** IP Build 2256618 on Thu Jun 14 22:10:49 MDT 2018
    ** Copyright 1986-2018 Xilinx, Inc. All Rights Reserved.

source RAT_wrapper.tcl -notrace
Command: synth_design -top RAT_wrapper -part xc7a35tcpg236-1
Starting synth_design
Attempting to get a license for feature 'Synthesis' and/or device 'xc7a35t'
INFO: [Common 17-349] Got license for feature 'Synthesis' and/or device 'xc7a35t'
INFO: Launching helper process for spawning children vivado processes
INFO: Helper process launched with PID 14804 
---------------------------------------------------------------------------------
Starting RTL Elaboration : Time (s): cpu = 00:00:02 ; elapsed = 00:00:02 . Memory (MB): peak = 334.859 ; gain = 99.723
---------------------------------------------------------------------------------
INFO: [Synth 8-638] synthesizing module 'RAT_wrapper' [C:/Users/rjmiddle/Desktop/FinalRAT/FinalRAT.srcs/sources_1/imports/RAT_SOURCES/RAT_Wrapper.vhd:32]
INFO: [Synth 8-3491] module 'RAT_CPU' declared at 'C:/Users/rjmiddle/Desktop/FinalRAT/FinalRAT.srcs/sources_1/imports/RAT_SOURCES/RAT_CPU.vhd:12' bound to instance 'CPU' of component 'RAT_CPU' [C:/Users/rjmiddle/Desktop/FinalRAT/FinalRAT.srcs/sources_1/imports/RAT_SOURCES/RAT_Wrapper.vhd:110]
INFO: [Synth 8-638] synthesizing module 'RAT_CPU' [C:/Users/rjmiddle/Desktop/FinalRAT/FinalRAT.srcs/sources_1/imports/RAT_SOURCES/RAT_CPU.vhd:24]
INFO: [Synth 8-3491] module 'prog_rom' declared at 'C:/Users/rjmiddle/Desktop/FinalRAT/FinalRAT.srcs/sources_1/imports/RatSimulator/prog_rom.vhd:21' bound to instance 'my_prog_rom' of component 'prog_rom' [C:/Users/rjmiddle/Desktop/FinalRAT/FinalRAT.srcs/sources_1/imports/RAT_SOURCES/RAT_CPU.vhd:209]
INFO: [Synth 8-638] synthesizing module 'prog_rom' [C:/Users/rjmiddle/Desktop/FinalRAT/FinalRAT.srcs/sources_1/imports/RatSimulator/prog_rom.vhd:29]
	Parameter INIT bound to: 20'b00000000000000000000 
	Parameter INITP_00 bound to: 256'b0000000000000000000000000000000000000000000000000000000000000000000000000000000000000000000000000000000000100001100111111100010001101000000100111000111100111101000010001001000010001001001110111000000000111111110011111111110000000000000000000000000000000000 
	Parameter INITP_01 bound to: 256'b0000000000000000000000000000000000000000000000000000000000000000000000000000000000000000000000000000000000000000000000000000000000000000000000000000000000000000000000000000000000000000000000000000000000000000000000000000000000000000000000000000000000000000 
	Parameter INITP_02 bound to: 256'b0000000000000000000000000000000000000000000000000000000000000000000000000000000000000000000000000000000000000000000000000000000000000000000000000000000000000000000000000000000000000000000000000000000000000000000000000000000000000000000000000000000000000000 
	Parameter INITP_03 bound to: 256'b0000000000000000000000000000000000000000000000000000000000000000000000000000000000000000000000000000000000000000000000000000000000000000000000000000000000000000000000000000000000000000000000000000000000000000000000000000000000000000000000000000000000000000 
	Parameter INITP_04 bound to: 256'b0000000000000000000000000000000000000000000000000000000000000000000000000000000000000000000000000000000000000000000000000000000000000000000000000000000000000000000000000000000000000000000000000000000000000000000000000000000000000000000000000000000000000000 
	Parameter INITP_05 bound to: 256'b0000000000000000000000000000000000000000000000000000000000000000000000000000000000000000000000000000000000000000000000000000000000000000000000000000000000000000000000000000000000000000000000000000000000000000000000000000000000000000000000000000000000000000 
	Parameter INITP_06 bound to: 256'b0000000000000000000000000000000000000000000000000000000000000000000000000000000000000000000000000000000000000000000000000000000000000000000000000000000000000000000000000000000000000000000000000000000000000000000000000000000000000000000000000000000000000000 
	Parameter INITP_07 bound to: 256'b0000000000000000000000000000000000000000000000000000000000000000000000000000000000000000000000000000000000000000000000000000000000000000000000000000000000000000000000000000000000000000000000000000000000000000000000000000000000000000000000000000000000000000 
	Parameter INIT_00 bound to: 256'b0000000000000000000000000000000000000000000000000000000000000000000000000000000000000000000000000000000000000000000000000000000000000000000000000000000000000000000000000000000000000000000000000000000000000000000000000000000000000000000000000000000000000000 
	Parameter INIT_01 bound to: 256'b1000100000000001100000010101100110000000111000000000000000000000100000001111000101101010000001000110100100001100011001110000000001101000001000001000000011110001011010100000010001101001000010100110011100000000011010000010010001100110000111001000000110001001 
	Parameter INIT_02 bound to: 256'b1000000101100011010001110100100010000111000000011000000111011001100010010000000110000000000000101000000100110011010010000100100010001000000000011000000111011001100010010000000110000000000000101000000011110011000010100000000011001010000000010110011100000000 
	Parameter INIT_03 bound to: 256'b0000010000000001000001000001111100000101001111110100010101000001010001000011100110000000000000101000000110011011000011010001110110001101000000011000000100101001011010010010011101101000000000000100011101101001011011010000000001100110000000001000000000000010 
	Parameter INIT_04 bound to: 256'b0000000000000000000000000000000000000000000000000000000000000000100000100001100000100101100000001000001000001000100000000000000000100101010000001000000000000010010001101001001001000100100100000100010110010001101000100101000000000100000000011010001000111000 
	Parameter INIT_05 bound to: 256'b0000000000000000000000000000000000000000000000000000000000000000000000000000000000000000000000000000000000000000000000000000000000000000000000000000000000000000000000000000000000000000000000000000000000000000000000000000000000000000000000000000000000000000 
	Parameter INIT_06 bound to: 256'b0000000000000000000000000000000000000000000000000000000000000000000000000000000000000000000000000000000000000000000000000000000000000000000000000000000000000000000000000000000000000000000000000000000000000000000000000000000000000000000000000000000000000000 
	Parameter INIT_07 bound to: 256'b0000000000000000000000000000000000000000000000000000000000000000000000000000000000000000000000000000000000000000000000000000000000000000000000000000000000000000000000000000000000000000000000000000000000000000000000000000000000000000000000000000000000000000 
	Parameter INIT_08 bound to: 256'b0000000000000000000000000000000000000000000000000000000000000000000000000000000000000000000000000000000000000000000000000000000000000000000000000000000000000000000000000000000000000000000000000000000000000000000000000000000000000000000000000000000000000000 
	Parameter INIT_09 bound to: 256'b0000000000000000000000000000000000000000000000000000000000000000000000000000000000000000000000000000000000000000000000000000000000000000000000000000000000000000000000000000000000000000000000000000000000000000000000000000000000000000000000000000000000000000 
	Parameter INIT_0A bound to: 256'b0000000000000000000000000000000000000000000000000000000000000000000000000000000000000000000000000000000000000000000000000000000000000000000000000000000000000000000000000000000000000000000000000000000000000000000000000000000000000000000000000000000000000000 
	Parameter INIT_0B bound to: 256'b0000000000000000000000000000000000000000000000000000000000000000000000000000000000000000000000000000000000000000000000000000000000000000000000000000000000000000000000000000000000000000000000000000000000000000000000000000000000000000000000000000000000000000 
	Parameter INIT_0C bound to: 256'b0000000000000000000000000000000000000000000000000000000000000000000000000000000000000000000000000000000000000000000000000000000000000000000000000000000000000000000000000000000000000000000000000000000000000000000000000000000000000000000000000000000000000000 
	Parameter INIT_0D bound to: 256'b0000000000000000000000000000000000000000000000000000000000000000000000000000000000000000000000000000000000000000000000000000000000000000000000000000000000000000000000000000000000000000000000000000000000000000000000000000000000000000000000000000000000000000 
	Parameter INIT_0E bound to: 256'b0000000000000000000000000000000000000000000000000000000000000000000000000000000000000000000000000000000000000000000000000000000000000000000000000000000000000000000000000000000000000000000000000000000000000000000000000000000000000000000000000000000000000000 
	Parameter INIT_0F bound to: 256'b0000000000000000000000000000000000000000000000000000000000000000000000000000000000000000000000000000000000000000000000000000000000000000000000000000000000000000000000000000000000000000000000000000000000000000000000000000000000000000000000000000000000000000 
	Parameter INIT_10 bound to: 256'b0000000000000000000000000000000000000000000000000000000000000000000000000000000000000000000000000000000000000000000000000000000000000000000000000000000000000000000000000000000000000000000000000000000000000000000000000000000000000000000000000000000000000000 
	Parameter INIT_11 bound to: 256'b0000000000000000000000000000000000000000000000000000000000000000000000000000000000000000000000000000000000000000000000000000000000000000000000000000000000000000000000000000000000000000000000000000000000000000000000000000000000000000000000000000000000000000 
	Parameter INIT_12 bound to: 256'b0000000000000000000000000000000000000000000000000000000000000000000000000000000000000000000000000000000000000000000000000000000000000000000000000000000000000000000000000000000000000000000000000000000000000000000000000000000000000000000000000000000000000000 
	Parameter INIT_13 bound to: 256'b0000000000000000000000000000000000000000000000000000000000000000000000000000000000000000000000000000000000000000000000000000000000000000000000000000000000000000000000000000000000000000000000000000000000000000000000000000000000000000000000000000000000000000 
	Parameter INIT_14 bound to: 256'b0000000000000000000000000000000000000000000000000000000000000000000000000000000000000000000000000000000000000000000000000000000000000000000000000000000000000000000000000000000000000000000000000000000000000000000000000000000000000000000000000000000000000000 
	Parameter INIT_15 bound to: 256'b0000000000000000000000000000000000000000000000000000000000000000000000000000000000000000000000000000000000000000000000000000000000000000000000000000000000000000000000000000000000000000000000000000000000000000000000000000000000000000000000000000000000000000 
	Parameter INIT_16 bound to: 256'b0000000000000000000000000000000000000000000000000000000000000000000000000000000000000000000000000000000000000000000000000000000000000000000000000000000000000000000000000000000000000000000000000000000000000000000000000000000000000000000000000000000000000000 
	Parameter INIT_17 bound to: 256'b0000000000000000000000000000000000000000000000000000000000000000000000000000000000000000000000000000000000000000000000000000000000000000000000000000000000000000000000000000000000000000000000000000000000000000000000000000000000000000000000000000000000000000 
	Parameter INIT_18 bound to: 256'b0000000000000000000000000000000000000000000000000000000000000000000000000000000000000000000000000000000000000000000000000000000000000000000000000000000000000000000000000000000000000000000000000000000000000000000000000000000000000000000000000000000000000000 
	Parameter INIT_19 bound to: 256'b0000000000000000000000000000000000000000000000000000000000000000000000000000000000000000000000000000000000000000000000000000000000000000000000000000000000000000000000000000000000000000000000000000000000000000000000000000000000000000000000000000000000000000 
	Parameter INIT_1A bound to: 256'b0000000000000000000000000000000000000000000000000000000000000000000000000000000000000000000000000000000000000000000000000000000000000000000000000000000000000000000000000000000000000000000000000000000000000000000000000000000000000000000000000000000000000000 
	Parameter INIT_1B bound to: 256'b0000000000000000000000000000000000000000000000000000000000000000000000000000000000000000000000000000000000000000000000000000000000000000000000000000000000000000000000000000000000000000000000000000000000000000000000000000000000000000000000000000000000000000 
	Parameter INIT_1C bound to: 256'b0000000000000000000000000000000000000000000000000000000000000000000000000000000000000000000000000000000000000000000000000000000000000000000000000000000000000000000000000000000000000000000000000000000000000000000000000000000000000000000000000000000000000000 
	Parameter INIT_1D bound to: 256'b0000000000000000000000000000000000000000000000000000000000000000000000000000000000000000000000000000000000000000000000000000000000000000000000000000000000000000000000000000000000000000000000000000000000000000000000000000000000000000000000000000000000000000 
	Parameter INIT_1E bound to: 256'b0000000000000000000000000000000000000000000000000000000000000000000000000000000000000000000000000000000000000000000000000000000000000000000000000000000000000000000000000000000000000000000000000000000000000000000000000000000000000000000000000000000000000000 
	Parameter INIT_1F bound to: 256'b0000000000000000000000000000000000000000000000000000000000000000000000000000000000000000000000000000000000000000000000000000000000000000000000000000000000000000000000000000000000000000000000000000000000000000000000000000000000000000000000000000000000000000 
	Parameter INIT_20 bound to: 256'b0000000000000000000000000000000000000000000000000000000000000000000000000000000000000000000000000000000000000000000000000000000000000000000000000000000000000000000000000000000000000000000000000000000000000000000000000000000000000000000000000000000000000000 
	Parameter INIT_21 bound to: 256'b0000000000000000000000000000000000000000000000000000000000000000000000000000000000000000000000000000000000000000000000000000000000000000000000000000000000000000000000000000000000000000000000000000000000000000000000000000000000000000000000000000000000000000 
	Parameter INIT_22 bound to: 256'b0000000000000000000000000000000000000000000000000000000000000000000000000000000000000000000000000000000000000000000000000000000000000000000000000000000000000000000000000000000000000000000000000000000000000000000000000000000000000000000000000000000000000000 
	Parameter INIT_23 bound to: 256'b0000000000000000000000000000000000000000000000000000000000000000000000000000000000000000000000000000000000000000000000000000000000000000000000000000000000000000000000000000000000000000000000000000000000000000000000000000000000000000000000000000000000000000 
	Parameter INIT_24 bound to: 256'b0000000000000000000000000000000000000000000000000000000000000000000000000000000000000000000000000000000000000000000000000000000000000000000000000000000000000000000000000000000000000000000000000000000000000000000000000000000000000000000000000000000000000000 
	Parameter INIT_25 bound to: 256'b0000000000000000000000000000000000000000000000000000000000000000000000000000000000000000000000000000000000000000000000000000000000000000000000000000000000000000000000000000000000000000000000000000000000000000000000000000000000000000000000000000000000000000 
	Parameter INIT_26 bound to: 256'b0000000000000000000000000000000000000000000000000000000000000000000000000000000000000000000000000000000000000000000000000000000000000000000000000000000000000000000000000000000000000000000000000000000000000000000000000000000000000000000000000000000000000000 
	Parameter INIT_27 bound to: 256'b0000000000000000000000000000000000000000000000000000000000000000000000000000000000000000000000000000000000000000000000000000000000000000000000000000000000000000000000000000000000000000000000000000000000000000000000000000000000000000000000000000000000000000 
	Parameter INIT_28 bound to: 256'b0000000000000000000000000000000000000000000000000000000000000000000000000000000000000000000000000000000000000000000000000000000000000000000000000000000000000000000000000000000000000000000000000000000000000000000000000000000000000000000000000000000000000000 
	Parameter INIT_29 bound to: 256'b0000000000000000000000000000000000000000000000000000000000000000000000000000000000000000000000000000000000000000000000000000000000000000000000000000000000000000000000000000000000000000000000000000000000000000000000000000000000000000000000000000000000000000 
	Parameter INIT_2A bound to: 256'b0000000000000000000000000000000000000000000000000000000000000000000000000000000000000000000000000000000000000000000000000000000000000000000000000000000000000000000000000000000000000000000000000000000000000000000000000000000000000000000000000000000000000000 
	Parameter INIT_2B bound to: 256'b0000000000000000000000000000000000000000000000000000000000000000000000000000000000000000000000000000000000000000000000000000000000000000000000000000000000000000000000000000000000000000000000000000000000000000000000000000000000000000000000000000000000000000 
	Parameter INIT_2C bound to: 256'b0000000000000000000000000000000000000000000000000000000000000000000000000000000000000000000000000000000000000000000000000000000000000000000000000000000000000000000000000000000000000000000000000000000000000000000000000000000000000000000000000000000000000000 
	Parameter INIT_2D bound to: 256'b0000000000000000000000000000000000000000000000000000000000000000000000000000000000000000000000000000000000000000000000000000000000000000000000000000000000000000000000000000000000000000000000000000000000000000000000000000000000000000000000000000000000000000 
	Parameter INIT_2E bound to: 256'b0000000000000000000000000000000000000000000000000000000000000000000000000000000000000000000000000000000000000000000000000000000000000000000000000000000000000000000000000000000000000000000000000000000000000000000000000000000000000000000000000000000000000000 
	Parameter INIT_2F bound to: 256'b0000000000000000000000000000000000000000000000000000000000000000000000000000000000000000000000000000000000000000000000000000000000000000000000000000000000000000000000000000000000000000000000000000000000000000000000000000000000000000000000000000000000000000 
	Parameter INIT_30 bound to: 256'b0000000000000000000000000000000000000000000000000000000000000000000000000000000000000000000000000000000000000000000000000000000000000000000000000000000000000000000000000000000000000000000000000000000000000000000000000000000000000000000000000000000000000000 
	Parameter INIT_31 bound to: 256'b0000000000000000000000000000000000000000000000000000000000000000000000000000000000000000000000000000000000000000000000000000000000000000000000000000000000000000000000000000000000000000000000000000000000000000000000000000000000000000000000000000000000000000 
	Parameter INIT_32 bound to: 256'b0000000000000000000000000000000000000000000000000000000000000000000000000000000000000000000000000000000000000000000000000000000000000000000000000000000000000000000000000000000000000000000000000000000000000000000000000000000000000000000000000000000000000000 
	Parameter INIT_33 bound to: 256'b0000000000000000000000000000000000000000000000000000000000000000000000000000000000000000000000000000000000000000000000000000000000000000000000000000000000000000000000000000000000000000000000000000000000000000000000000000000000000000000000000000000000000000 
	Parameter INIT_34 bound to: 256'b0000000000000000000000000000000000000000000000000000000000000000000000000000000000000000000000000000000000000000000000000000000000000000000000000000000000000000000000000000000000000000000000000000000000000000000000000000000000000000000000000000000000000000 
	Parameter INIT_35 bound to: 256'b0000000000000000000000000000000000000000000000000000000000000000000000000000000000000000000000000000000000000000000000000000000000000000000000000000000000000000000000000000000000000000000000000000000000000000000000000000000000000000000000000000000000000000 
	Parameter INIT_36 bound to: 256'b0000000000000000000000000000000000000000000000000000000000000000000000000000000000000000000000000000000000000000000000000000000000000000000000000000000000000000000000000000000000000000000000000000000000000000000000000000000000000000000000000000000000000000 
	Parameter INIT_37 bound to: 256'b0000000000000000000000000000000000000000000000000000000000000000000000000000000000000000000000000000000000000000000000000000000000000000000000000000000000000000000000000000000000000000000000000000000000000000000000000000000000000000000000000000000000000000 
	Parameter INIT_38 bound to: 256'b0000000000000000000000000000000000000000000000000000000000000000000000000000000000000000000000000000000000000000000000000000000000000000000000000000000000000000000000000000000000000000000000000000000000000000000000000000000000000000000000000000000000000000 
	Parameter INIT_39 bound to: 256'b0000000000000000000000000000000000000000000000000000000000000000000000000000000000000000000000000000000000000000000000000000000000000000000000000000000000000000000000000000000000000000000000000000000000000000000000000000000000000000000000000000000000000000 
	Parameter INIT_3A bound to: 256'b0000000000000000000000000000000000000000000000000000000000000000000000000000000000000000000000000000000000000000000000000000000000000000000000000000000000000000000000000000000000000000000000000000000000000000000000000000000000000000000000000000000000000000 
	Parameter INIT_3B bound to: 256'b0000000000000000000000000000000000000000000000000000000000000000000000000000000000000000000000000000000000000000000000000000000000000000000000000000000000000000000000000000000000000000000000000000000000000000000000000000000000000000000000000000000000000000 
	Parameter INIT_3C bound to: 256'b0000000000000000000000000000000000000000000000000000000000000000000000000000000000000000000000000000000000000000000000000000000000000000000000000000000000000000000000000000000000000000000000000000000000000000000000000000000000000000000000000000000000000000 
	Parameter INIT_3D bound to: 256'b0000000000000000000000000000000000000000000000000000000000000000000000000000000000000000000000000000000000000000000000000000000000000000000000000000000000000000000000000000000000000000000000000000000000000000000000000000000000000000000000000000000000000000 
	Parameter INIT_3E bound to: 256'b0000000000000000000000000000000000000000000000000000000000000000000000000000000000000000000000000000000000000000000000000000000000000000000000000000000000000000000000000000000000000000000000000000000000000000000000000000000000000000000000000000000000000000 
	Parameter INIT_3F bound to: 256'b0000000000000000000000000000000000000000000000000000000000000000000000000000000000000000000000000000000000000000000000000000000000000000000000000000000000000000000000000000000000000000000000000000000000000000000000000000000000000000000000000000000000000000 
	Parameter SRVAL bound to: 20'b00000000000000000000 
	Parameter WRITE_MODE bound to: WRITE_FIRST - type: string 
INFO: [Synth 8-113] binding component instance 'ram_1024_x_18' to cell 'RAMB16_S18' [C:/Users/rjmiddle/Desktop/FinalRAT/FinalRAT.srcs/sources_1/imports/RatSimulator/prog_rom.vhd:194]
INFO: [Synth 8-256] done synthesizing module 'prog_rom' (1#1) [C:/Users/rjmiddle/Desktop/FinalRAT/FinalRAT.srcs/sources_1/imports/RatSimulator/prog_rom.vhd:29]
INFO: [Synth 8-3491] module 'ALU' declared at 'C:/Users/rjmiddle/Desktop/FinalRAT/FinalRAT.srcs/sources_1/imports/RAT_SOURCES/ALU.vhd:35' bound to instance 'my_alu' of component 'ALU' [C:/Users/rjmiddle/Desktop/FinalRAT/FinalRAT.srcs/sources_1/imports/RAT_SOURCES/RAT_CPU.vhd:214]
INFO: [Synth 8-638] synthesizing module 'ALU' [C:/Users/rjmiddle/Desktop/FinalRAT/FinalRAT.srcs/sources_1/imports/RAT_SOURCES/ALU.vhd:45]
INFO: [Synth 8-256] done synthesizing module 'ALU' (2#1) [C:/Users/rjmiddle/Desktop/FinalRAT/FinalRAT.srcs/sources_1/imports/RAT_SOURCES/ALU.vhd:45]
INFO: [Synth 8-3491] module 'CONTROL_UNIT' declared at 'C:/Users/rjmiddle/Desktop/FinalRAT/FinalRAT.srcs/sources_1/imports/RAT_SOURCES/CONTROL_UNIT.vhd:11' bound to instance 'my_cu' of component 'CONTROL_UNIT' [C:/Users/rjmiddle/Desktop/FinalRAT/FinalRAT.srcs/sources_1/imports/RAT_SOURCES/RAT_CPU.vhd:224]
INFO: [Synth 8-638] synthesizing module 'CONTROL_UNIT' [C:/Users/rjmiddle/Desktop/FinalRAT/FinalRAT.srcs/sources_1/imports/RAT_SOURCES/CONTROL_UNIT.vhd:52]
INFO: [Synth 8-226] default block is never used [C:/Users/rjmiddle/Desktop/FinalRAT/FinalRAT.srcs/sources_1/imports/RAT_SOURCES/CONTROL_UNIT.vhd:86]
WARNING: [Synth 8-614] signal 'INT' is read in the process but is not in the sensitivity list [C:/Users/rjmiddle/Desktop/FinalRAT/FinalRAT.srcs/sources_1/imports/RAT_SOURCES/CONTROL_UNIT.vhd:73]
WARNING: [Synth 8-614] signal 'C' is read in the process but is not in the sensitivity list [C:/Users/rjmiddle/Desktop/FinalRAT/FinalRAT.srcs/sources_1/imports/RAT_SOURCES/CONTROL_UNIT.vhd:73]
WARNING: [Synth 8-614] signal 'Z' is read in the process but is not in the sensitivity list [C:/Users/rjmiddle/Desktop/FinalRAT/FinalRAT.srcs/sources_1/imports/RAT_SOURCES/CONTROL_UNIT.vhd:73]
INFO: [Synth 8-256] done synthesizing module 'CONTROL_UNIT' (3#1) [C:/Users/rjmiddle/Desktop/FinalRAT/FinalRAT.srcs/sources_1/imports/RAT_SOURCES/CONTROL_UNIT.vhd:52]
INFO: [Synth 8-3491] module 'RegisterFile' declared at 'C:/Users/rjmiddle/Desktop/FinalRAT/FinalRAT.srcs/sources_1/imports/RAT_SOURCES/reg_file.vhd:5' bound to instance 'my_regfile' of component 'RegisterFile' [C:/Users/rjmiddle/Desktop/FinalRAT/FinalRAT.srcs/sources_1/imports/RAT_SOURCES/RAT_CPU.vhd:265]
INFO: [Synth 8-638] synthesizing module 'RegisterFile' [C:/Users/rjmiddle/Desktop/FinalRAT/FinalRAT.srcs/sources_1/imports/RAT_SOURCES/reg_file.vhd:15]
INFO: [Synth 8-256] done synthesizing module 'RegisterFile' (4#1) [C:/Users/rjmiddle/Desktop/FinalRAT/FinalRAT.srcs/sources_1/imports/RAT_SOURCES/reg_file.vhd:15]
INFO: [Synth 8-3491] module 'FlagReg' declared at 'C:/Users/rjmiddle/Desktop/FinalRAT/FinalRAT.srcs/sources_1/imports/RAT_SOURCES/FlagReg.vhd:11' bound to instance 'int_reg' of component 'FlagReg' [C:/Users/rjmiddle/Desktop/FinalRAT/FinalRAT.srcs/sources_1/imports/RAT_SOURCES/RAT_CPU.vhd:274]
INFO: [Synth 8-638] synthesizing module 'FlagReg' [C:/Users/rjmiddle/Desktop/FinalRAT/FinalRAT.srcs/sources_1/imports/RAT_SOURCES/FlagReg.vhd:20]
INFO: [Synth 8-256] done synthesizing module 'FlagReg' (5#1) [C:/Users/rjmiddle/Desktop/FinalRAT/FinalRAT.srcs/sources_1/imports/RAT_SOURCES/FlagReg.vhd:20]
INFO: [Synth 8-3491] module 'Flags' declared at 'C:/Users/rjmiddle/Desktop/FinalRAT/FinalRAT.srcs/sources_1/imports/RAT_SOURCES/Flags.vhd:6' bound to instance 'my_flgs' of component 'Flags' [C:/Users/rjmiddle/Desktop/FinalRAT/FinalRAT.srcs/sources_1/imports/RAT_SOURCES/RAT_CPU.vhd:282]
INFO: [Synth 8-638] synthesizing module 'Flags' [C:/Users/rjmiddle/Desktop/FinalRAT/FinalRAT.srcs/sources_1/imports/RAT_SOURCES/Flags.vhd:20]
INFO: [Synth 8-3491] module 'FlagReg' declared at 'C:/Users/rjmiddle/Desktop/FinalRAT/FinalRAT.srcs/sources_1/imports/RAT_SOURCES/FlagReg.vhd:11' bound to instance 'Z_REG' of component 'FlagReg' [C:/Users/rjmiddle/Desktop/FinalRAT/FinalRAT.srcs/sources_1/imports/RAT_SOURCES/Flags.vhd:41]
INFO: [Synth 8-3491] module 'FlagReg' declared at 'C:/Users/rjmiddle/Desktop/FinalRAT/FinalRAT.srcs/sources_1/imports/RAT_SOURCES/FlagReg.vhd:11' bound to instance 'C_REG' of component 'FlagReg' [C:/Users/rjmiddle/Desktop/FinalRAT/FinalRAT.srcs/sources_1/imports/RAT_SOURCES/Flags.vhd:50]
INFO: [Synth 8-3491] module 'FlagReg' declared at 'C:/Users/rjmiddle/Desktop/FinalRAT/FinalRAT.srcs/sources_1/imports/RAT_SOURCES/FlagReg.vhd:11' bound to instance 'SHAD_Z' of component 'FlagReg' [C:/Users/rjmiddle/Desktop/FinalRAT/FinalRAT.srcs/sources_1/imports/RAT_SOURCES/Flags.vhd:59]
INFO: [Synth 8-3491] module 'FlagReg' declared at 'C:/Users/rjmiddle/Desktop/FinalRAT/FinalRAT.srcs/sources_1/imports/RAT_SOURCES/FlagReg.vhd:11' bound to instance 'SHAD_C' of component 'FlagReg' [C:/Users/rjmiddle/Desktop/FinalRAT/FinalRAT.srcs/sources_1/imports/RAT_SOURCES/Flags.vhd:68]
INFO: [Synth 8-256] done synthesizing module 'Flags' (6#1) [C:/Users/rjmiddle/Desktop/FinalRAT/FinalRAT.srcs/sources_1/imports/RAT_SOURCES/Flags.vhd:20]
INFO: [Synth 8-3491] module 'SCRATCH_RAM' declared at 'C:/Users/rjmiddle/Desktop/FinalRAT/FinalRAT.srcs/sources_1/imports/RAT_SOURCES/SCRATCH_RAM.vhd:14' bound to instance 'my_SCR' of component 'SCRATCH_RAM' [C:/Users/rjmiddle/Desktop/FinalRAT/FinalRAT.srcs/sources_1/imports/RAT_SOURCES/RAT_CPU.vhd:295]
INFO: [Synth 8-638] synthesizing module 'SCRATCH_RAM' [C:/Users/rjmiddle/Desktop/FinalRAT/FinalRAT.srcs/sources_1/imports/RAT_SOURCES/SCRATCH_RAM.vhd:22]
INFO: [Synth 8-256] done synthesizing module 'SCRATCH_RAM' (7#1) [C:/Users/rjmiddle/Desktop/FinalRAT/FinalRAT.srcs/sources_1/imports/RAT_SOURCES/SCRATCH_RAM.vhd:22]
INFO: [Synth 8-3491] module 'SP' declared at 'C:/Users/rjmiddle/Desktop/FinalRAT/FinalRAT.srcs/sources_1/imports/RAT_SOURCES/SP.vhd:13' bound to instance 'my_SP' of component 'SP' [C:/Users/rjmiddle/Desktop/FinalRAT/FinalRAT.srcs/sources_1/imports/RAT_SOURCES/RAT_CPU.vhd:302]
INFO: [Synth 8-638] synthesizing module 'SP' [C:/Users/rjmiddle/Desktop/FinalRAT/FinalRAT.srcs/sources_1/imports/RAT_SOURCES/SP.vhd:23]
INFO: [Synth 8-256] done synthesizing module 'SP' (8#1) [C:/Users/rjmiddle/Desktop/FinalRAT/FinalRAT.srcs/sources_1/imports/RAT_SOURCES/SP.vhd:23]
INFO: [Synth 8-3491] module 'PC' declared at 'C:/Users/rjmiddle/Desktop/FinalRAT/FinalRAT.srcs/sources_1/imports/RAT_SOURCES/PC.vhd:13' bound to instance 'my_PC' of component 'PC' [C:/Users/rjmiddle/Desktop/FinalRAT/FinalRAT.srcs/sources_1/imports/RAT_SOURCES/RAT_CPU.vhd:310]
INFO: [Synth 8-638] synthesizing module 'PC' [C:/Users/rjmiddle/Desktop/FinalRAT/FinalRAT.srcs/sources_1/imports/RAT_SOURCES/PC.vhd:24]
INFO: [Synth 8-3491] module 'ProgramCounter' declared at 'C:/Users/rjmiddle/Desktop/FinalRAT/FinalRAT.srcs/sources_1/imports/RAT_SOURCES/ProgramCounter.vhd:12' bound to instance 'cnt' of component 'ProgramCounter' [C:/Users/rjmiddle/Desktop/FinalRAT/FinalRAT.srcs/sources_1/imports/RAT_SOURCES/PC.vhd:45]
INFO: [Synth 8-638] synthesizing module 'ProgramCounter' [C:/Users/rjmiddle/Desktop/FinalRAT/FinalRAT.srcs/sources_1/imports/RAT_SOURCES/ProgramCounter.vhd:21]
INFO: [Synth 8-256] done synthesizing module 'ProgramCounter' (9#1) [C:/Users/rjmiddle/Desktop/FinalRAT/FinalRAT.srcs/sources_1/imports/RAT_SOURCES/ProgramCounter.vhd:21]
INFO: [Synth 8-3491] module 'PC_MUX' declared at 'C:/Users/rjmiddle/Desktop/FinalRAT/FinalRAT.srcs/sources_1/imports/RAT_SOURCES/PC_MUX.vhd:11' bound to instance 'mux' of component 'PC_MUX' [C:/Users/rjmiddle/Desktop/FinalRAT/FinalRAT.srcs/sources_1/imports/RAT_SOURCES/PC.vhd:54]
INFO: [Synth 8-638] synthesizing module 'PC_MUX' [C:/Users/rjmiddle/Desktop/FinalRAT/FinalRAT.srcs/sources_1/imports/RAT_SOURCES/PC_MUX.vhd:18]
INFO: [Synth 8-256] done synthesizing module 'PC_MUX' (10#1) [C:/Users/rjmiddle/Desktop/FinalRAT/FinalRAT.srcs/sources_1/imports/RAT_SOURCES/PC_MUX.vhd:18]
INFO: [Synth 8-256] done synthesizing module 'PC' (11#1) [C:/Users/rjmiddle/Desktop/FinalRAT/FinalRAT.srcs/sources_1/imports/RAT_SOURCES/PC.vhd:24]
INFO: [Synth 8-226] default block is never used [C:/Users/rjmiddle/Desktop/FinalRAT/FinalRAT.srcs/sources_1/imports/RAT_SOURCES/RAT_CPU.vhd:321]
INFO: [Synth 8-226] default block is never used [C:/Users/rjmiddle/Desktop/FinalRAT/FinalRAT.srcs/sources_1/imports/RAT_SOURCES/RAT_CPU.vhd:326]
INFO: [Synth 8-226] default block is never used [C:/Users/rjmiddle/Desktop/FinalRAT/FinalRAT.srcs/sources_1/imports/RAT_SOURCES/RAT_CPU.vhd:333]
INFO: [Synth 8-226] default block is never used [C:/Users/rjmiddle/Desktop/FinalRAT/FinalRAT.srcs/sources_1/imports/RAT_SOURCES/RAT_CPU.vhd:338]
INFO: [Synth 8-256] done synthesizing module 'RAT_CPU' (12#1) [C:/Users/rjmiddle/Desktop/FinalRAT/FinalRAT.srcs/sources_1/imports/RAT_SOURCES/RAT_CPU.vhd:24]
INFO: [Synth 8-3491] module 'sseg_dec' declared at 'C:/Users/rjmiddle/Desktop/FinalRAT/FinalRAT.srcs/sources_1/imports/RAT_SOURCES/sseg_dec.vhd:22' bound to instance 'SG' of component 'sseg_dec' [C:/Users/rjmiddle/Desktop/FinalRAT/FinalRAT.srcs/sources_1/imports/RAT_SOURCES/RAT_Wrapper.vhd:121]
INFO: [Synth 8-638] synthesizing module 'sseg_dec' [C:/Users/rjmiddle/Desktop/FinalRAT/FinalRAT.srcs/sources_1/imports/RAT_SOURCES/sseg_dec.vhd:32]
INFO: [Synth 8-3491] module 'bin2bcdconv' declared at 'C:/Users/rjmiddle/Desktop/FinalRAT/FinalRAT.srcs/sources_1/imports/RAT_SOURCES/sseg_dec.vhd:136' bound to instance 'my_conv' of component 'bin2bcdconv' [C:/Users/rjmiddle/Desktop/FinalRAT/FinalRAT.srcs/sources_1/imports/RAT_SOURCES/sseg_dec.vhd:56]
INFO: [Synth 8-638] synthesizing module 'bin2bcdconv' [C:/Users/rjmiddle/Desktop/FinalRAT/FinalRAT.srcs/sources_1/imports/RAT_SOURCES/sseg_dec.vhd:146]
INFO: [Synth 8-256] done synthesizing module 'bin2bcdconv' (13#1) [C:/Users/rjmiddle/Desktop/FinalRAT/FinalRAT.srcs/sources_1/imports/RAT_SOURCES/sseg_dec.vhd:146]
INFO: [Synth 8-3491] module 'clk_div' declared at 'C:/Users/rjmiddle/Desktop/FinalRAT/FinalRAT.srcs/sources_1/imports/RAT_SOURCES/sseg_dec.vhd:236' bound to instance 'my_clk' of component 'clk_div' [C:/Users/rjmiddle/Desktop/FinalRAT/FinalRAT.srcs/sources_1/imports/RAT_SOURCES/sseg_dec.vhd:62]
INFO: [Synth 8-638] synthesizing module 'clk_div' [C:/Users/rjmiddle/Desktop/FinalRAT/FinalRAT.srcs/sources_1/imports/RAT_SOURCES/sseg_dec.vhd:241]
INFO: [Synth 8-256] done synthesizing module 'clk_div' (14#1) [C:/Users/rjmiddle/Desktop/FinalRAT/FinalRAT.srcs/sources_1/imports/RAT_SOURCES/sseg_dec.vhd:241]
INFO: [Synth 8-226] default block is never used [C:/Users/rjmiddle/Desktop/FinalRAT/FinalRAT.srcs/sources_1/imports/RAT_SOURCES/sseg_dec.vhd:112]
INFO: [Synth 8-256] done synthesizing module 'sseg_dec' (15#1) [C:/Users/rjmiddle/Desktop/FinalRAT/FinalRAT.srcs/sources_1/imports/RAT_SOURCES/sseg_dec.vhd:32]
INFO: [Synth 8-3491] module 'vgaDriverBuffer' declared at 'C:/Users/rjmiddle/Desktop/FinalRAT/FinalRAT.srcs/sources_1/imports/RAT_SOURCES/vgaDriverBuffer.vhd:19' bound to instance 'VGA' of component 'vgaDriverBuffer' [C:/Users/rjmiddle/Desktop/FinalRAT/FinalRAT.srcs/sources_1/imports/RAT_SOURCES/RAT_Wrapper.vhd:129]
INFO: [Synth 8-638] synthesizing module 'vgaDriverBuffer' [C:/Users/rjmiddle/Desktop/FinalRAT/FinalRAT.srcs/sources_1/imports/RAT_SOURCES/vgaDriverBuffer.vhd:32]
INFO: [Synth 8-3491] module 'ram2k_8' declared at 'C:/Users/rjmiddle/Desktop/FinalRAT/FinalRAT.srcs/sources_1/imports/RAT_SOURCES/ram2k_8.vhd:17' bound to instance 'frameBuffer' of component 'ram2k_8' [C:/Users/rjmiddle/Desktop/FinalRAT/FinalRAT.srcs/sources_1/imports/RAT_SOURCES/vgaDriverBuffer.vhd:77]
INFO: [Synth 8-638] synthesizing module 'ram2k_8' [C:/Users/rjmiddle/Desktop/FinalRAT/FinalRAT.srcs/sources_1/imports/RAT_SOURCES/ram2k_8.vhd:27]
INFO: [Synth 8-256] done synthesizing module 'ram2k_8' (16#1) [C:/Users/rjmiddle/Desktop/FinalRAT/FinalRAT.srcs/sources_1/imports/RAT_SOURCES/ram2k_8.vhd:27]
INFO: [Synth 8-3491] module 'VGAdrive' declared at 'C:/Users/rjmiddle/Desktop/FinalRAT/FinalRAT.srcs/sources_1/imports/RAT_SOURCES/VGAdrive.vhd:19' bound to instance 'vga_out' of component 'VGAdrive' [C:/Users/rjmiddle/Desktop/FinalRAT/FinalRAT.srcs/sources_1/imports/RAT_SOURCES/vgaDriverBuffer.vhd:85]
INFO: [Synth 8-638] synthesizing module 'VGAdrive' [C:/Users/rjmiddle/Desktop/FinalRAT/FinalRAT.srcs/sources_1/imports/RAT_SOURCES/VGAdrive.vhd:44]
INFO: [Synth 8-4471] merging register 'row_reg[9:0]' into 'vertical_reg[9:0]' [C:/Users/rjmiddle/Desktop/FinalRAT/FinalRAT.srcs/sources_1/imports/RAT_SOURCES/VGAdrive.vhd:109]
INFO: [Synth 8-4471] merging register 'column_reg[9:0]' into 'horizontal_reg[9:0]' [C:/Users/rjmiddle/Desktop/FinalRAT/FinalRAT.srcs/sources_1/imports/RAT_SOURCES/VGAdrive.vhd:110]
WARNING: [Synth 8-6014] Unused sequential element row_reg was removed.  [C:/Users/rjmiddle/Desktop/FinalRAT/FinalRAT.srcs/sources_1/imports/RAT_SOURCES/VGAdrive.vhd:109]
WARNING: [Synth 8-6014] Unused sequential element column_reg was removed.  [C:/Users/rjmiddle/Desktop/FinalRAT/FinalRAT.srcs/sources_1/imports/RAT_SOURCES/VGAdrive.vhd:110]
INFO: [Synth 8-256] done synthesizing module 'VGAdrive' (17#1) [C:/Users/rjmiddle/Desktop/FinalRAT/FinalRAT.srcs/sources_1/imports/RAT_SOURCES/VGAdrive.vhd:44]
INFO: [Synth 8-3491] module 'vga_clk_div' declared at 'C:/Users/rjmiddle/Desktop/FinalRAT/FinalRAT.srcs/sources_1/imports/RAT_SOURCES/vga_clk_div.vhd:14' bound to instance 'vga_clk' of component 'vga_clk_div' [C:/Users/rjmiddle/Desktop/FinalRAT/FinalRAT.srcs/sources_1/imports/RAT_SOURCES/vgaDriverBuffer.vhd:106]
INFO: [Synth 8-638] synthesizing module 'vga_clk_div' [C:/Users/rjmiddle/Desktop/FinalRAT/FinalRAT.srcs/sources_1/imports/RAT_SOURCES/vga_clk_div.vhd:19]
INFO: [Synth 8-256] done synthesizing module 'vga_clk_div' (18#1) [C:/Users/rjmiddle/Desktop/FinalRAT/FinalRAT.srcs/sources_1/imports/RAT_SOURCES/vga_clk_div.vhd:19]
INFO: [Synth 8-256] done synthesizing module 'vgaDriverBuffer' (19#1) [C:/Users/rjmiddle/Desktop/FinalRAT/FinalRAT.srcs/sources_1/imports/RAT_SOURCES/vgaDriverBuffer.vhd:32]
WARNING: [Synth 8-3848] Net s_interrupt in module/entity RAT_wrapper does not have driver. [C:/Users/rjmiddle/Desktop/FinalRAT/FinalRAT.srcs/sources_1/imports/RAT_SOURCES/RAT_Wrapper.vhd:93]
INFO: [Synth 8-256] done synthesizing module 'RAT_wrapper' (20#1) [C:/Users/rjmiddle/Desktop/FinalRAT/FinalRAT.srcs/sources_1/imports/RAT_SOURCES/RAT_Wrapper.vhd:32]
---------------------------------------------------------------------------------
Finished RTL Elaboration : Time (s): cpu = 00:00:03 ; elapsed = 00:00:04 . Memory (MB): peak = 391.391 ; gain = 156.254
---------------------------------------------------------------------------------

Report Check Netlist: 
+------+------------------+-------+---------+-------+------------------+
|      |Item              |Errors |Warnings |Status |Description       |
+------+------------------+-------+---------+-------+------------------+
|1     |multi_driven_nets |      0|        0|Passed |Multi driven nets |
+------+------------------+-------+---------+-------+------------------+
WARNING: [Synth 8-3295] tying undriven pin CPU:INT_IN to constant 0 [C:/Users/rjmiddle/Desktop/FinalRAT/FinalRAT.srcs/sources_1/imports/RAT_SOURCES/RAT_Wrapper.vhd:110]
---------------------------------------------------------------------------------
Start Handling Custom Attributes
---------------------------------------------------------------------------------
---------------------------------------------------------------------------------
Finished Handling Custom Attributes : Time (s): cpu = 00:00:04 ; elapsed = 00:00:04 . Memory (MB): peak = 391.391 ; gain = 156.254
---------------------------------------------------------------------------------
---------------------------------------------------------------------------------
Finished RTL Optimization Phase 1 : Time (s): cpu = 00:00:04 ; elapsed = 00:00:04 . Memory (MB): peak = 391.391 ; gain = 156.254
---------------------------------------------------------------------------------
INFO: [Netlist 29-17] Analyzing 1 Unisim elements for replacement
INFO: [Netlist 29-28] Unisim Transformation completed in 0 CPU seconds
INFO: [Device 21-403] Loading part xc7a35tcpg236-1
INFO: [Project 1-570] Preparing netlist for logic optimization

Processing XDC Constraints
Initializing timing engine
Parsing XDC File [C:/Users/rjmiddle/Desktop/FinalRAT/FinalRAT.srcs/constrs_1/imports/CPE 233/Constraints.xdc]
Finished Parsing XDC File [C:/Users/rjmiddle/Desktop/FinalRAT/FinalRAT.srcs/constrs_1/imports/CPE 233/Constraints.xdc]
INFO: [Project 1-236] Implementation specific constraints were found while reading constraint file [C:/Users/rjmiddle/Desktop/FinalRAT/FinalRAT.srcs/constrs_1/imports/CPE 233/Constraints.xdc]. These constraints will be ignored for synthesis but will be used in implementation. Impacted constraints are listed in the file [.Xil/RAT_wrapper_propImpl.xdc].
Resolution: To avoid this warning, move constraints listed in [.Xil/RAT_wrapper_propImpl.xdc] to another XDC file and exclude this new file from synthesis with the used_in_synthesis property (File Properties dialog in GUI) and re-run elaboration/synthesis.
Completed Processing XDC Constraints

INFO: [Project 1-111] Unisim Transformation Summary:
  A total of 1 instances were transformed.
  RAMB16_S18 => RAMB18E1: 1 instances

Constraint Validation Runtime : Time (s): cpu = 00:00:00 ; elapsed = 00:00:00.002 . Memory (MB): peak = 732.391 ; gain = 0.000
---------------------------------------------------------------------------------
Finished Constraint Validation : Time (s): cpu = 00:00:12 ; elapsed = 00:00:14 . Memory (MB): peak = 732.391 ; gain = 497.254
---------------------------------------------------------------------------------
---------------------------------------------------------------------------------
Start Loading Part and Timing Information
---------------------------------------------------------------------------------
Loading part: xc7a35tcpg236-1
---------------------------------------------------------------------------------
Finished Loading Part and Timing Information : Time (s): cpu = 00:00:12 ; elapsed = 00:00:14 . Memory (MB): peak = 732.391 ; gain = 497.254
---------------------------------------------------------------------------------
---------------------------------------------------------------------------------
Start Applying 'set_property' XDC Constraints
---------------------------------------------------------------------------------
---------------------------------------------------------------------------------
Finished applying 'set_property' XDC Constraints : Time (s): cpu = 00:00:12 ; elapsed = 00:00:14 . Memory (MB): peak = 732.391 ; gain = 497.254
---------------------------------------------------------------------------------
INFO: [Synth 8-5818] HDL ADVISOR - The operator resource <adder> is shared. To prevent sharing consider applying a KEEP on the output of the operator [C:/Users/rjmiddle/Desktop/FinalRAT/FinalRAT.srcs/sources_1/imports/RAT_SOURCES/ALU.vhd:53]
INFO: [Synth 8-802] inferred FSM for state register 'PS_reg' in module 'CONTROL_UNIT'
INFO: [Synth 8-5546] ROM "PC_MUX_SEL" won't be mapped to RAM because it is too sparse
INFO: [Synth 8-5546] ROM "SP_LD" won't be mapped to RAM because it is too sparse
INFO: [Synth 8-5546] ROM "SP_INCR" won't be mapped to RAM because it is too sparse
INFO: [Synth 8-5546] ROM "SP_DECR" won't be mapped to RAM because it is too sparse
INFO: [Synth 8-5546] ROM "RF_WR_SEL" won't be mapped to RAM because it is too sparse
INFO: [Synth 8-5546] ROM "ALU_OPY_SEL" won't be mapped to RAM because it is too sparse
INFO: [Synth 8-5546] ROM "ALU_SEL" won't be mapped to RAM because it is too sparse
INFO: [Synth 8-5546] ROM "SCR_WE" won't be mapped to RAM because it is too sparse
INFO: [Synth 8-5546] ROM "SCR_DATA_SEL" won't be mapped to RAM because it is too sparse
INFO: [Synth 8-5546] ROM "SCR_ADDR_SEL" won't be mapped to RAM because it is too sparse
INFO: [Synth 8-5546] ROM "FLG_C_SET" won't be mapped to RAM because it is too sparse
INFO: [Synth 8-5546] ROM "FLG_C_CLR" won't be mapped to RAM because it is too sparse
INFO: [Synth 8-5546] ROM "FLG_LD_SEL" won't be mapped to RAM because it is too sparse
INFO: [Synth 8-5546] ROM "I_SET" won't be mapped to RAM because it is too sparse
INFO: [Synth 8-5546] ROM "I_CLR" won't be mapped to RAM because it is too sparse
INFO: [Synth 8-5546] ROM "IO_STRB" won't be mapped to RAM because it is too sparse
INFO: [Synth 8-5544] ROM "RST" won't be mapped to Block RAM because address size (2) smaller than threshold (5)
INFO: [Synth 8-5544] ROM "FLG_SHAD_LD" won't be mapped to Block RAM because address size (2) smaller than threshold (5)
INFO: [Synth 8-5544] ROM "PC_INC" won't be mapped to Block RAM because address size (2) smaller than threshold (5)
INFO: [Synth 8-5818] HDL ADVISOR - The operator resource <adder> is shared. To prevent sharing consider applying a KEEP on the output of the operator [C:/Users/rjmiddle/Desktop/FinalRAT/FinalRAT.srcs/sources_1/imports/RAT_SOURCES/SP.vhd:32]
INFO: [Synth 8-5544] ROM "MMSD_OUT" won't be mapped to Block RAM because address size (4) smaller than threshold (5)
INFO: [Synth 8-5545] ROM "tmp_clk" won't be mapped to RAM because address size (32) is larger than maximum supported(25)
INFO: [Synth 8-5545] ROM "div_cnt" won't be mapped to RAM because address size (32) is larger than maximum supported(25)
INFO: [Synth 8-5545] ROM "tmp_clkf" won't be mapped to RAM because address size (32) is larger than maximum supported(25)
INFO: [Synth 8-5545] ROM "div_cnt" won't be mapped to RAM because address size (32) is larger than maximum supported(25)
INFO: [Synth 8-5546] ROM "r_vga_we" won't be mapped to RAM because it is too sparse
INFO: [Synth 8-5546] ROM "r_LEDS" won't be mapped to RAM because it is too sparse
INFO: [Synth 8-5546] ROM "r_vga_wa" won't be mapped to RAM because it is too sparse
INFO: [Synth 8-5546] ROM "p_0_in" won't be mapped to RAM because it is too sparse
---------------------------------------------------------------------------------------------------
                   State |                     New Encoding |                Previous Encoding 
---------------------------------------------------------------------------------------------------
                 st_init |                             0001 |                               10
                st_fetch |                             0010 |                               00
                 st_exec |                             0100 |                               01
                st_inter |                             1000 |                               11
---------------------------------------------------------------------------------------------------
INFO: [Synth 8-3354] encoded FSM with state register 'PS_reg' using encoding 'one-hot' in module 'CONTROL_UNIT'
---------------------------------------------------------------------------------
Finished RTL Optimization Phase 2 : Time (s): cpu = 00:00:14 ; elapsed = 00:00:15 . Memory (MB): peak = 732.391 ; gain = 497.254
---------------------------------------------------------------------------------

Report RTL Partitions: 
+-+--------------+------------+----------+
| |RTL Partition |Replication |Instances |
+-+--------------+------------+----------+
+-+--------------+------------+----------+
---------------------------------------------------------------------------------
Start RTL Component Statistics 
---------------------------------------------------------------------------------
Detailed RTL Component Info : 
+---Adders : 
	   2 Input     32 Bit       Adders := 2     
	   2 Input     10 Bit       Adders := 3     
	   2 Input      9 Bit       Adders := 1     
	   3 Input      9 Bit       Adders := 2     
	   2 Input      8 Bit       Adders := 12    
	   2 Input      4 Bit       Adders := 1     
	   7 Input      4 Bit       Adders := 1     
	   2 Input      3 Bit       Adders := 1     
	   2 Input      2 Bit       Adders := 3     
+---XORs : 
	   2 Input      8 Bit         XORs := 1     
+---Registers : 
	               32 Bit    Registers := 2     
	               11 Bit    Registers := 1     
	               10 Bit    Registers := 3     
	                8 Bit    Registers := 4     
	                3 Bit    Registers := 2     
	                2 Bit    Registers := 2     
	                1 Bit    Registers := 11    
+---Muxes : 
	   2 Input     32 Bit        Muxes := 2     
	   3 Input     11 Bit        Muxes := 1     
	   2 Input     11 Bit        Muxes := 1     
	   2 Input     10 Bit        Muxes := 7     
	   4 Input     10 Bit        Muxes := 1     
	  16 Input      9 Bit        Muxes := 2     
	   2 Input      8 Bit        Muxes := 23    
	   4 Input      8 Bit        Muxes := 2     
	  48 Input      4 Bit        Muxes := 1     
	   4 Input      4 Bit        Muxes := 3     
	   2 Input      4 Bit        Muxes := 6     
	   5 Input      4 Bit        Muxes := 1     
	   2 Input      3 Bit        Muxes := 4     
	   4 Input      2 Bit        Muxes := 6     
	  48 Input      2 Bit        Muxes := 2     
	   2 Input      2 Bit        Muxes := 6     
	  48 Input      1 Bit        Muxes := 14    
	   4 Input      1 Bit        Muxes := 16    
	   2 Input      1 Bit        Muxes := 31    
	   3 Input      1 Bit        Muxes := 1     
	   5 Input      1 Bit        Muxes := 2     
---------------------------------------------------------------------------------
Finished RTL Component Statistics 
---------------------------------------------------------------------------------
---------------------------------------------------------------------------------
Start RTL Hierarchical Component Statistics 
---------------------------------------------------------------------------------
Hierarchical RTL Component report 
Module RAT_wrapper 
Detailed RTL Component Info : 
+---Registers : 
	               11 Bit    Registers := 1     
	                8 Bit    Registers := 3     
	                1 Bit    Registers := 2     
+---Muxes : 
	   3 Input     11 Bit        Muxes := 1     
	   2 Input     11 Bit        Muxes := 1     
	   2 Input      8 Bit        Muxes := 2     
	   4 Input      2 Bit        Muxes := 1     
	   2 Input      1 Bit        Muxes := 2     
	   3 Input      1 Bit        Muxes := 1     
	   5 Input      1 Bit        Muxes := 2     
Module ALU 
Detailed RTL Component Info : 
+---Adders : 
	   2 Input      9 Bit       Adders := 1     
	   3 Input      9 Bit       Adders := 2     
+---XORs : 
	   2 Input      8 Bit         XORs := 1     
+---Muxes : 
	  16 Input      9 Bit        Muxes := 2     
Module CONTROL_UNIT 
Detailed RTL Component Info : 
+---Muxes : 
	  48 Input      4 Bit        Muxes := 1     
	   4 Input      4 Bit        Muxes := 2     
	   2 Input      4 Bit        Muxes := 1     
	   4 Input      2 Bit        Muxes := 4     
	  48 Input      2 Bit        Muxes := 2     
	  48 Input      1 Bit        Muxes := 14    
	   4 Input      1 Bit        Muxes := 16    
Module FlagReg 
Detailed RTL Component Info : 
+---Registers : 
	                1 Bit    Registers := 1     
+---Muxes : 
	   2 Input      1 Bit        Muxes := 3     
Module Flags 
Detailed RTL Component Info : 
+---Muxes : 
	   2 Input      1 Bit        Muxes := 2     
Module SP 
Detailed RTL Component Info : 
+---Adders : 
	   2 Input      8 Bit       Adders := 1     
+---Registers : 
	                8 Bit    Registers := 1     
+---Muxes : 
	   2 Input      8 Bit        Muxes := 1     
	   2 Input      2 Bit        Muxes := 1     
	   2 Input      1 Bit        Muxes := 2     
Module ProgramCounter 
Detailed RTL Component Info : 
+---Adders : 
	   2 Input     10 Bit       Adders := 1     
+---Registers : 
	               10 Bit    Registers := 1     
+---Muxes : 
	   2 Input     10 Bit        Muxes := 1     
	   2 Input      1 Bit        Muxes := 1     
Module PC_MUX 
Detailed RTL Component Info : 
+---Muxes : 
	   4 Input     10 Bit        Muxes := 1     
Module RAT_CPU 
Detailed RTL Component Info : 
+---Adders : 
	   2 Input      8 Bit       Adders := 1     
+---Muxes : 
	   2 Input     10 Bit        Muxes := 1     
	   4 Input      8 Bit        Muxes := 2     
	   2 Input      8 Bit        Muxes := 1     
Module bin2bcdconv 
Detailed RTL Component Info : 
+---Adders : 
	   2 Input      8 Bit       Adders := 10    
	   2 Input      4 Bit       Adders := 1     
	   7 Input      4 Bit       Adders := 1     
	   2 Input      3 Bit       Adders := 1     
	   2 Input      2 Bit       Adders := 2     
+---Muxes : 
	   2 Input      8 Bit        Muxes := 19    
	   2 Input      4 Bit        Muxes := 2     
	   2 Input      3 Bit        Muxes := 2     
	   2 Input      2 Bit        Muxes := 4     
	   4 Input      2 Bit        Muxes := 1     
	   2 Input      1 Bit        Muxes := 7     
Module clk_div 
Detailed RTL Component Info : 
+---Adders : 
	   2 Input     32 Bit       Adders := 1     
+---Registers : 
	               32 Bit    Registers := 1     
	                1 Bit    Registers := 1     
+---Muxes : 
	   2 Input     32 Bit        Muxes := 1     
	   2 Input      1 Bit        Muxes := 1     
Module sseg_dec 
Detailed RTL Component Info : 
+---Adders : 
	   2 Input      2 Bit       Adders := 1     
+---Registers : 
	                2 Bit    Registers := 1     
+---Muxes : 
	   5 Input      4 Bit        Muxes := 1     
	   2 Input      4 Bit        Muxes := 3     
	   4 Input      4 Bit        Muxes := 1     
Module VGAdrive 
Detailed RTL Component Info : 
+---Adders : 
	   2 Input     10 Bit       Adders := 2     
+---Registers : 
	               10 Bit    Registers := 2     
	                3 Bit    Registers := 2     
	                2 Bit    Registers := 1     
	                1 Bit    Registers := 2     
+---Muxes : 
	   2 Input     10 Bit        Muxes := 5     
	   2 Input      3 Bit        Muxes := 2     
	   2 Input      2 Bit        Muxes := 1     
Module vga_clk_div 
Detailed RTL Component Info : 
+---Adders : 
	   2 Input     32 Bit       Adders := 1     
+---Registers : 
	               32 Bit    Registers := 1     
	                1 Bit    Registers := 1     
+---Muxes : 
	   2 Input     32 Bit        Muxes := 1     
	   2 Input      1 Bit        Muxes := 1     
---------------------------------------------------------------------------------
Finished RTL Hierarchical Component Statistics
---------------------------------------------------------------------------------
---------------------------------------------------------------------------------
Start Part Resource Summary
---------------------------------------------------------------------------------
Part Resources:
DSPs: 90 (col length:60)
BRAMs: 100 (col length: RAMB18 60 RAMB36 30)
---------------------------------------------------------------------------------
Finished Part Resource Summary
---------------------------------------------------------------------------------
---------------------------------------------------------------------------------
Start Cross Boundary and Area Optimization
---------------------------------------------------------------------------------
Warning: Parallel synthesis criteria is not met 
INFO: [Synth 8-5546] ROM "CPU/my_cu/IO_STRB" won't be mapped to RAM because it is too sparse
INFO: [Synth 8-5546] ROM "CPU/my_cu/I_CLR" won't be mapped to RAM because it is too sparse
INFO: [Synth 8-5546] ROM "CPU/my_cu/I_SET" won't be mapped to RAM because it is too sparse
INFO: [Synth 8-5546] ROM "CPU/my_cu/FLG_LD_SEL" won't be mapped to RAM because it is too sparse
INFO: [Synth 8-5546] ROM "CPU/my_cu/FLG_C_CLR" won't be mapped to RAM because it is too sparse
INFO: [Synth 8-5546] ROM "CPU/my_cu/FLG_C_SET" won't be mapped to RAM because it is too sparse
INFO: [Synth 8-5546] ROM "CPU/my_cu/SCR_ADDR_SEL" won't be mapped to RAM because it is too sparse
INFO: [Synth 8-5546] ROM "CPU/my_cu/SCR_DATA_SEL" won't be mapped to RAM because it is too sparse
INFO: [Synth 8-5546] ROM "CPU/my_cu/SCR_WE" won't be mapped to RAM because it is too sparse
INFO: [Synth 8-5546] ROM "CPU/my_cu/ALU_SEL" won't be mapped to RAM because it is too sparse
INFO: [Synth 8-5546] ROM "CPU/my_cu/ALU_OPY_SEL" won't be mapped to RAM because it is too sparse
INFO: [Synth 8-5546] ROM "CPU/my_cu/RF_WR_SEL" won't be mapped to RAM because it is too sparse
INFO: [Synth 8-5546] ROM "CPU/my_cu/SP_DECR" won't be mapped to RAM because it is too sparse
INFO: [Synth 8-5546] ROM "CPU/my_cu/SP_INCR" won't be mapped to RAM because it is too sparse
INFO: [Synth 8-5546] ROM "CPU/my_cu/SP_LD" won't be mapped to RAM because it is too sparse
INFO: [Synth 8-5546] ROM "CPU/my_cu/PC_MUX_SEL" won't be mapped to RAM because it is too sparse
INFO: [Synth 8-5545] ROM "SG/my_clk/div_cnt" won't be mapped to RAM because address size (32) is larger than maximum supported(25)
INFO: [Synth 8-5545] ROM "SG/my_clk/tmp_clk" won't be mapped to RAM because address size (32) is larger than maximum supported(25)
INFO: [Synth 8-5545] ROM "VGA/vga_clk/div_cnt" won't be mapped to RAM because address size (32) is larger than maximum supported(25)
INFO: [Synth 8-5545] ROM "VGA/vga_clk/tmp_clkf" won't be mapped to RAM because address size (32) is larger than maximum supported(25)
INFO: [Synth 8-5546] ROM "r_LEDS" won't be mapped to RAM because it is too sparse
INFO: [Synth 8-5546] ROM "O150" won't be mapped to RAM because it is too sparse
INFO: [Synth 8-5546] ROM "p_0_in" won't be mapped to RAM because it is too sparse
INFO: [Synth 8-5546] ROM "r_vga_we" won't be mapped to RAM because it is too sparse
INFO: [Synth 8-5546] ROM "r_vga_wa" won't be mapped to RAM because it is too sparse
WARNING: [Synth 8-3332] Sequential element (CPU/int_reg/OUT_FLAG_reg) is unused and will be removed from module RAT_wrapper.
---------------------------------------------------------------------------------
Finished Cross Boundary and Area Optimization : Time (s): cpu = 00:00:20 ; elapsed = 00:00:22 . Memory (MB): peak = 732.391 ; gain = 497.254
---------------------------------------------------------------------------------
---------------------------------------------------------------------------------
Start ROM, RAM, DSP and Shift Register Reporting
---------------------------------------------------------------------------------

ROM:
+-------------+--------------------+---------------+----------------+
|Module Name  | RTL Object         | Depth x Width | Implemented As | 
+-------------+--------------------+---------------+----------------+
|CONTROL_UNIT | FLG_Z_LD           | 128x1         | LUT            | 
|CONTROL_UNIT | FLG_C_LD           | 128x1         | LUT            | 
|CONTROL_UNIT | RF_WR              | 128x1         | LUT            | 
|RAT_wrapper  | CPU/my_cu/FLG_Z_LD | 128x1         | LUT            | 
|RAT_wrapper  | CPU/my_cu/FLG_C_LD | 128x1         | LUT            | 
|RAT_wrapper  | CPU/my_cu/RF_WR    | 128x1         | LUT            | 
+-------------+--------------------+---------------+----------------+


Distributed RAM: Preliminary Mapping  Report (see note below)
+------------+-------------------------+-----------+----------------------+-------------------+
|Module Name | RTL Object              | Inference | Size (Depth x Width) | Primitives        | 
+------------+-------------------------+-----------+----------------------+-------------------+
|RAT_wrapper | VGA/frameBuffer/mem_reg | Implied   | 2 K x 8              | RAM128X1D x 128   | 
|RAT_wrapper | CPU/my_SCR/REG_reg      | Implied   | 256 x 10             | RAM256X1S x 10    | 
|RAT_wrapper | CPU/my_regfile/REG_reg  | Implied   | 32 x 8               | RAM32X1D x 8      | 
+------------+-------------------------+-----------+----------------------+-------------------+

Note: The table above is a preliminary report that shows the Distributed RAMs at the current stage of the synthesis flow. Some Distributed RAMs may be reimplemented as non Distributed RAM primitives later in the synthesis flow. Multiple instantiated RAMs are reported only once.
---------------------------------------------------------------------------------
Finished ROM, RAM, DSP and Shift Register Reporting
---------------------------------------------------------------------------------

Report RTL Partitions: 
+-+--------------+------------+----------+
| |RTL Partition |Replication |Instances |
+-+--------------+------------+----------+
+-+--------------+------------+----------+
---------------------------------------------------------------------------------
Start Applying XDC Timing Constraints
---------------------------------------------------------------------------------
---------------------------------------------------------------------------------
Finished Applying XDC Timing Constraints : Time (s): cpu = 00:00:29 ; elapsed = 00:00:31 . Memory (MB): peak = 732.391 ; gain = 497.254
---------------------------------------------------------------------------------
---------------------------------------------------------------------------------
Start Timing Optimization
---------------------------------------------------------------------------------
---------------------------------------------------------------------------------
Finished Timing Optimization : Time (s): cpu = 00:00:30 ; elapsed = 00:00:33 . Memory (MB): peak = 767.773 ; gain = 532.637
---------------------------------------------------------------------------------
---------------------------------------------------------------------------------
Start ROM, RAM, DSP and Shift Register Reporting
---------------------------------------------------------------------------------

Distributed RAM: Final Mapping  Report
+------------+-------------------------+-----------+----------------------+-------------------+
|Module Name | RTL Object              | Inference | Size (Depth x Width) | Primitives        | 
+------------+-------------------------+-----------+----------------------+-------------------+
|RAT_wrapper | VGA/frameBuffer/mem_reg | Implied   | 2 K x 8              | RAM128X1D x 128   | 
|RAT_wrapper | CPU/my_SCR/REG_reg      | Implied   | 256 x 10             | RAM256X1S x 10    | 
|RAT_wrapper | CPU/my_regfile/REG_reg  | Implied   | 32 x 8               | RAM32X1D x 8      | 
+------------+-------------------------+-----------+----------------------+-------------------+

---------------------------------------------------------------------------------
Finished ROM, RAM, DSP and Shift Register Reporting
---------------------------------------------------------------------------------

Report RTL Partitions: 
+-+--------------+------------+----------+
| |RTL Partition |Replication |Instances |
+-+--------------+------------+----------+
+-+--------------+------------+----------+
---------------------------------------------------------------------------------
Start Technology Mapping
---------------------------------------------------------------------------------
INFO: [Synth 8-3886] merging instance 'p_0_in[0]' (FDR) to 'VGA/vga_out/horizontal_reg[4]'
INFO: [Synth 8-3886] merging instance 'p_0_in[1]' (FDR) to 'VGA/vga_out/horizontal_reg[5]'
INFO: [Synth 8-3886] merging instance 'p_0_in[2]' (FDR) to 'VGA/vga_out/horizontal_reg[6]'
INFO: [Synth 8-3886] merging instance 'p_0_in[3]' (FDR) to 'VGA/vga_out/horizontal_reg[7]'
INFO: [Synth 8-3886] merging instance 'p_0_in[4]' (FDR) to 'VGA/vga_out/horizontal_reg[8]'
INFO: [Synth 8-3886] merging instance 'p_0_in[5]' (FDR) to 'VGA/vga_out/horizontal_reg[9]'
INFO: [Synth 8-3886] merging instance 'p_0_in[6]' (FD) to 'VGA/vga_out/vertical_reg[4]'
INFO: [Synth 8-3886] merging instance 'p_0_in[7]' (FD) to 'VGA/vga_out/vertical_reg[5]'
INFO: [Synth 8-3886] merging instance 'p_0_in[8]' (FD) to 'VGA/vga_out/vertical_reg[6]'
INFO: [Synth 8-3886] merging instance 'p_0_in[9]' (FD) to 'VGA/vga_out/vertical_reg[7]'
INFO: [Synth 8-3886] merging instance 'p_0_in[10]' (FD) to 'VGA/vga_out/vertical_reg[8]'
---------------------------------------------------------------------------------
Finished Technology Mapping : Time (s): cpu = 00:00:31 ; elapsed = 00:00:33 . Memory (MB): peak = 776.801 ; gain = 541.664
---------------------------------------------------------------------------------

Report RTL Partitions: 
+-+--------------+------------+----------+
| |RTL Partition |Replication |Instances |
+-+--------------+------------+----------+
+-+--------------+------------+----------+
---------------------------------------------------------------------------------
Start IO Insertion
---------------------------------------------------------------------------------
---------------------------------------------------------------------------------
Start Flattening Before IO Insertion
---------------------------------------------------------------------------------
---------------------------------------------------------------------------------
Finished Flattening Before IO Insertion
---------------------------------------------------------------------------------
---------------------------------------------------------------------------------
Start Final Netlist Cleanup
---------------------------------------------------------------------------------
---------------------------------------------------------------------------------
Finished Final Netlist Cleanup
---------------------------------------------------------------------------------
---------------------------------------------------------------------------------
Finished IO Insertion : Time (s): cpu = 00:00:32 ; elapsed = 00:00:34 . Memory (MB): peak = 776.801 ; gain = 541.664
---------------------------------------------------------------------------------

Report Check Netlist: 
+------+------------------+-------+---------+-------+------------------+
|      |Item              |Errors |Warnings |Status |Description       |
+------+------------------+-------+---------+-------+------------------+
|1     |multi_driven_nets |      0|        0|Passed |Multi driven nets |
+------+------------------+-------+---------+-------+------------------+
---------------------------------------------------------------------------------
Start Renaming Generated Instances
---------------------------------------------------------------------------------
---------------------------------------------------------------------------------
Finished Renaming Generated Instances : Time (s): cpu = 00:00:32 ; elapsed = 00:00:34 . Memory (MB): peak = 776.801 ; gain = 541.664
---------------------------------------------------------------------------------

Report RTL Partitions: 
+-+--------------+------------+----------+
| |RTL Partition |Replication |Instances |
+-+--------------+------------+----------+
+-+--------------+------------+----------+
---------------------------------------------------------------------------------
Start Rebuilding User Hierarchy
---------------------------------------------------------------------------------
---------------------------------------------------------------------------------
Finished Rebuilding User Hierarchy : Time (s): cpu = 00:00:32 ; elapsed = 00:00:34 . Memory (MB): peak = 776.801 ; gain = 541.664
---------------------------------------------------------------------------------
---------------------------------------------------------------------------------
Start Renaming Generated Ports
---------------------------------------------------------------------------------
---------------------------------------------------------------------------------
Finished Renaming Generated Ports : Time (s): cpu = 00:00:32 ; elapsed = 00:00:34 . Memory (MB): peak = 776.801 ; gain = 541.664
---------------------------------------------------------------------------------
---------------------------------------------------------------------------------
Start Handling Custom Attributes
---------------------------------------------------------------------------------
---------------------------------------------------------------------------------
Finished Handling Custom Attributes : Time (s): cpu = 00:00:32 ; elapsed = 00:00:34 . Memory (MB): peak = 776.801 ; gain = 541.664
---------------------------------------------------------------------------------
---------------------------------------------------------------------------------
Start Renaming Generated Nets
---------------------------------------------------------------------------------
---------------------------------------------------------------------------------
Finished Renaming Generated Nets : Time (s): cpu = 00:00:32 ; elapsed = 00:00:34 . Memory (MB): peak = 776.801 ; gain = 541.664
---------------------------------------------------------------------------------
---------------------------------------------------------------------------------
Start Writing Synthesis Report
---------------------------------------------------------------------------------

Report BlackBoxes: 
+-+--------------+----------+
| |BlackBox name |Instances |
+-+--------------+----------+
+-+--------------+----------+

Report Cell Usage: 
+------+-----------+------+
|      |Cell       |Count |
+------+-----------+------+
|1     |BUFG       |     3|
|2     |CARRY4     |    27|
|3     |LUT1       |     6|
|4     |LUT2       |    34|
|5     |LUT3       |    50|
|6     |LUT4       |    54|
|7     |LUT5       |    80|
|8     |LUT6       |   201|
|9     |MUXF7      |    60|
|10    |MUXF8      |    16|
|11    |RAM128X1D  |   128|
|12    |RAM256X1S  |    10|
|13    |RAM32X1D   |     8|
|14    |RAMB16_S18 |     1|
|15    |FDRE       |   176|
|16    |FDSE       |     1|
|17    |IBUF       |    10|
|18    |OBUF       |    30|
+------+-----------+------+

Report Instance Areas: 
+------+----------------+----------------+------+
|      |Instance        |Module          |Cells |
+------+----------------+----------------+------+
|1     |top             |                |   895|
|2     |  CPU           |RAT_CPU         |   312|
|3     |    my_PC       |PC              |    22|
|4     |      cnt       |ProgramCounter  |    22|
|5     |    my_SCR      |SCRATCH_RAM     |    10|
|6     |    my_SP       |SP              |    23|
|7     |    my_alu      |ALU             |    27|
|8     |    my_cu       |CONTROL_UNIT    |     8|
|9     |    my_flgs     |Flags           |     5|
|10    |      C_REG     |FlagReg         |     2|
|11    |      SHAD_C    |FlagReg_0       |     1|
|12    |      SHAD_Z    |FlagReg_1       |     1|
|13    |      Z_REG     |FlagReg_2       |     1|
|14    |    my_prog_rom |prog_rom        |   166|
|15    |    my_regfile  |RegisterFile    |    51|
|16    |  SG            |sseg_dec        |    70|
|17    |    my_clk      |clk_div         |    52|
|18    |  VGA           |vgaDriverBuffer |   379|
|19    |    frameBuffer |ram2k_8         |   249|
|20    |    vga_clk     |vga_clk_div     |    52|
|21    |    vga_out     |VGAdrive        |    78|
+------+----------------+----------------+------+
---------------------------------------------------------------------------------
Finished Writing Synthesis Report : Time (s): cpu = 00:00:32 ; elapsed = 00:00:34 . Memory (MB): peak = 776.801 ; gain = 541.664
---------------------------------------------------------------------------------
Synthesis finished with 0 errors, 0 critical warnings and 1 warnings.
Synthesis Optimization Runtime : Time (s): cpu = 00:00:22 ; elapsed = 00:00:27 . Memory (MB): peak = 776.801 ; gain = 200.664
Synthesis Optimization Complete : Time (s): cpu = 00:00:32 ; elapsed = 00:00:35 . Memory (MB): peak = 776.801 ; gain = 541.664
INFO: [Project 1-571] Translating synthesized netlist
INFO: [Netlist 29-17] Analyzing 260 Unisim elements for replacement
INFO: [Netlist 29-28] Unisim Transformation completed in 0 CPU seconds
INFO: [Project 1-570] Preparing netlist for logic optimization
INFO: [Opt 31-138] Pushed 0 inverter(s) to 0 load pin(s).
INFO: [Project 1-111] Unisim Transformation Summary:
  A total of 147 instances were transformed.
  RAM128X1D => RAM128X1D (RAMD64E, RAMD64E, MUXF7, MUXF7, RAMD64E, RAMD64E): 128 instances
  RAM256X1S => RAM256X1S (MUXF7, MUXF7, MUXF8, RAMS64E, RAMS64E, RAMS64E, RAMS64E): 10 instances
  RAM32X1D => RAM32X1D (RAMD32, RAMD32): 8 instances
  RAMB16_S18 => RAMB18E1: 1 instances

INFO: [Common 17-83] Releasing license: Synthesis
154 Infos, 8 Warnings, 0 Critical Warnings and 0 Errors encountered.
synth_design completed successfully
synth_design: Time (s): cpu = 00:00:34 ; elapsed = 00:00:37 . Memory (MB): peak = 776.801 ; gain = 554.473
WARNING: [Constraints 18-5210] No constraint will be written out.
INFO: [Common 17-1381] The checkpoint 'C:/Users/rjmiddle/Desktop/FinalRAT/FinalRAT.runs/synth_1/RAT_wrapper.dcp' has been generated.
INFO: [runtcl-4] Executing : report_utilization -file RAT_wrapper_utilization_synth.rpt -pb RAT_wrapper_utilization_synth.pb
report_utilization: Time (s): cpu = 00:00:00 ; elapsed = 00:00:00.047 . Memory (MB): peak = 776.801 ; gain = 0.000
INFO: [Common 17-206] Exiting Vivado at Fri Nov 30 10:57:34 2018...
